Args in experiment:
Namespace(model='lstm', data='custom', root_path='/Users/phamnam/Downloads/Informer2020-main-3/data_cleaned', data_path='Cleaned_Historical_stock.csv', features='S', target='TSLA_Price', freq='m', checkpoints='./checkpoints/', seq_len=48, label_len=48, pred_len=12, enc_in=1, dec_in=1, c_out=1, d_model=128, n_heads=4, e_layers=1, d_layers=2, s_layers=[3, 2, 1], d_ff=2048, factor=5, padding=0, distil=True, dropout=0.05, attn='prob', embed='timeF', activation='gelu', output_attention=False, do_predict=False, mix=True, cols=None, num_workers=0, itr=2, train_epochs=20, batch_size=32, patience=3, learning_rate=0.0001, des='test', loss='mse', lradj='type1', use_amp=False, inverse=False, use_gpu=False, gpu=0, use_multi_gpu=False, devices='0,1,2,3', detail_freq='m')
Use CPU
>>>>>>>start training : lstm_custom_ftS_sl48_ll48_pl12_dm128_nh4_el1_dl2_df2048_atprob_fc5_ebtimeF_dtTrue_mxTrue_test_0>>>>>>>>>>>>>>>>>>>>>>>>>>
train 804
val 113
test 235
Epoch: 1 cost time: 1.8466570377349854
Epoch: 1, Steps: 25 | Train Loss: 0.7764554 Vali Loss: 1.3366345 Test Loss: 0.1020788
Validation loss decreased (inf --> 1.336635).  Saving model ...
Updating learning rate to 0.0001
Epoch: 2 cost time: 1.8123321533203125
Epoch: 2, Steps: 25 | Train Loss: 0.4468866 Vali Loss: 0.3151374 Test Loss: 0.2467167
Validation loss decreased (1.336635 --> 0.315137).  Saving model ...
Updating learning rate to 5e-05
Epoch: 3 cost time: 1.788944959640503
Epoch: 3, Steps: 25 | Train Loss: 0.3055191 Vali Loss: 0.3519971 Test Loss: 0.1735038
EarlyStopping counter: 1 out of 3
Updating learning rate to 2.5e-05
Epoch: 4 cost time: 1.8163061141967773
Epoch: 4, Steps: 25 | Train Loss: 0.2751786 Vali Loss: 0.3374787 Test Loss: 0.1692744
EarlyStopping counter: 2 out of 3
Updating learning rate to 1.25e-05
Epoch: 5 cost time: 1.8565089702606201
Epoch: 5, Steps: 25 | Train Loss: 0.2652439 Vali Loss: 0.3344133 Test Loss: 0.1727199
EarlyStopping counter: 3 out of 3
Early stopping
>>>>>>>testing : lstm_custom_ftS_sl48_ll48_pl12_dm128_nh4_el1_dl2_df2048_atprob_fc5_ebtimeF_dtTrue_mxTrue_test_0<<<<<<<<<<<<<<<<<<<<<<<<<<<<<<<<<
test 235
test shape: (7, 32, 12, 1) (7, 32, 12, 1)
test shape: (224, 12, 1) (224, 12, 1)
mse:0.24671670794487, mae:0.4061799645423889
Use CPU
>>>>>>>start training : lstm_custom_ftS_sl48_ll48_pl12_dm128_nh4_el1_dl2_df2048_atprob_fc5_ebtimeF_dtTrue_mxTrue_test_1>>>>>>>>>>>>>>>>>>>>>>>>>>
train 804
val 113
test 235
Epoch: 1 cost time: 1.8055858612060547
Epoch: 1, Steps: 25 | Train Loss: 0.8271632 Vali Loss: 1.6012048 Test Loss: 0.1294479
Validation loss decreased (inf --> 1.601205).  Saving model ...
Updating learning rate to 0.0001
Epoch: 2 cost time: 1.7986810207366943
Epoch: 2, Steps: 25 | Train Loss: 0.5507514 Vali Loss: 0.6787369 Test Loss: 0.1540515
Validation loss decreased (1.601205 --> 0.678737).  Saving model ...
Updating learning rate to 5e-05
Epoch: 3 cost time: 1.819700002670288
Epoch: 3, Steps: 25 | Train Loss: 0.3350204 Vali Loss: 0.3484839 Test Loss: 0.2325050
Validation loss decreased (0.678737 --> 0.348484).  Saving model ...
Updating learning rate to 2.5e-05
Epoch: 4 cost time: 1.8018031120300293
Epoch: 4, Steps: 25 | Train Loss: 0.3005416 Vali Loss: 0.3785315 Test Loss: 0.2078820
EarlyStopping counter: 1 out of 3
Updating learning rate to 1.25e-05
Epoch: 5 cost time: 1.8071351051330566
Epoch: 5, Steps: 25 | Train Loss: 0.2862231 Vali Loss: 0.3529524 Test Loss: 0.2038562
EarlyStopping counter: 2 out of 3
Updating learning rate to 6.25e-06
Epoch: 6 cost time: 1.7872340679168701
Epoch: 6, Steps: 25 | Train Loss: 0.2829267 Vali Loss: 0.3481991 Test Loss: 0.2040428
Validation loss decreased (0.348484 --> 0.348199).  Saving model ...
Updating learning rate to 3.125e-06
Epoch: 7 cost time: 1.802076816558838
Epoch: 7, Steps: 25 | Train Loss: 0.2813900 Vali Loss: 0.3408152 Test Loss: 0.2033798
Validation loss decreased (0.348199 --> 0.340815).  Saving model ...
Updating learning rate to 1.5625e-06
Epoch: 8 cost time: 1.7944869995117188
Epoch: 8, Steps: 25 | Train Loss: 0.2786377 Vali Loss: 0.3581893 Test Loss: 0.2033307
EarlyStopping counter: 1 out of 3
Updating learning rate to 7.8125e-07
Epoch: 9 cost time: 1.7867851257324219
Epoch: 9, Steps: 25 | Train Loss: 0.2797694 Vali Loss: 0.3515390 Test Loss: 0.2029144
EarlyStopping counter: 2 out of 3
Updating learning rate to 3.90625e-07
Epoch: 10 cost time: 1.7882630825042725
Epoch: 10, Steps: 25 | Train Loss: 0.2775135 Vali Loss: 0.3495067 Test Loss: 0.2030030
EarlyStopping counter: 3 out of 3
Early stopping
>>>>>>>testing : lstm_custom_ftS_sl48_ll48_pl12_dm128_nh4_el1_dl2_df2048_atprob_fc5_ebtimeF_dtTrue_mxTrue_test_1<<<<<<<<<<<<<<<<<<<<<<<<<<<<<<<<<
test 235
test shape: (7, 32, 12, 1) (7, 32, 12, 1)
test shape: (224, 12, 1) (224, 12, 1)
mse:0.20337975025177002, mae:0.3590274155139923
