Args in experiment:
Namespace(model='lstm', data='custom', root_path='/Users/phamnam/Downloads/Informer2020-main-3/data_cleaned', data_path='Cleaned_Historical_stock.csv', features='S', target='TSLA_Price', freq='m', checkpoints='./checkpoints/', seq_len=48, label_len=48, pred_len=6, enc_in=1, dec_in=1, c_out=1, d_model=128, n_heads=4, e_layers=1, d_layers=2, s_layers=[3, 2, 1], d_ff=2048, factor=5, padding=0, distil=True, dropout=0.05, attn='prob', embed='timeF', activation='gelu', output_attention=False, do_predict=False, mix=True, cols=None, num_workers=0, itr=2, train_epochs=20, batch_size=32, patience=3, learning_rate=0.0001, des='test', loss='mse', lradj='type1', use_amp=False, inverse=False, use_gpu=False, gpu=0, use_multi_gpu=False, devices='0,1,2,3', detail_freq='m')
Use CPU
>>>>>>>start training : lstm_custom_ftS_sl48_ll48_pl6_dm128_nh4_el1_dl2_df2048_atprob_fc5_ebtimeF_dtTrue_mxTrue_test_0>>>>>>>>>>>>>>>>>>>>>>>>>>
train 810
val 119
test 241
Epoch: 1 cost time: 1.7773692607879639
Epoch: 1, Steps: 25 | Train Loss: 0.6392739 Vali Loss: 0.8214095 Test Loss: 0.0579442
Validation loss decreased (inf --> 0.821409).  Saving model ...
Updating learning rate to 0.0001
Epoch: 2 cost time: 1.7777879238128662
Epoch: 2, Steps: 25 | Train Loss: 0.2886248 Vali Loss: 0.2330631 Test Loss: 0.1651329
Validation loss decreased (0.821409 --> 0.233063).  Saving model ...
Updating learning rate to 5e-05
Epoch: 3 cost time: 1.751960039138794
Epoch: 3, Steps: 25 | Train Loss: 0.2037173 Vali Loss: 0.2271521 Test Loss: 0.1122755
Validation loss decreased (0.233063 --> 0.227152).  Saving model ...
Updating learning rate to 2.5e-05
Epoch: 4 cost time: 1.7762770652770996
Epoch: 4, Steps: 25 | Train Loss: 0.1798072 Vali Loss: 0.2525477 Test Loss: 0.1024451
EarlyStopping counter: 1 out of 3
Updating learning rate to 1.25e-05
Epoch: 5 cost time: 1.7770099639892578
Epoch: 5, Steps: 25 | Train Loss: 0.1701759 Vali Loss: 0.2257125 Test Loss: 0.1006445
Validation loss decreased (0.227152 --> 0.225712).  Saving model ...
Updating learning rate to 6.25e-06
Epoch: 6 cost time: 1.7415170669555664
Epoch: 6, Steps: 25 | Train Loss: 0.1663717 Vali Loss: 0.2404972 Test Loss: 0.0996798
EarlyStopping counter: 1 out of 3
Updating learning rate to 3.125e-06
Epoch: 7 cost time: 1.7526988983154297
Epoch: 7, Steps: 25 | Train Loss: 0.1622974 Vali Loss: 0.2457553 Test Loss: 0.0981392
EarlyStopping counter: 2 out of 3
Updating learning rate to 1.5625e-06
Epoch: 8 cost time: 1.7489111423492432
Epoch: 8, Steps: 25 | Train Loss: 0.1589936 Vali Loss: 0.2527628 Test Loss: 0.0974125
EarlyStopping counter: 3 out of 3
Early stopping
>>>>>>>testing : lstm_custom_ftS_sl48_ll48_pl6_dm128_nh4_el1_dl2_df2048_atprob_fc5_ebtimeF_dtTrue_mxTrue_test_0<<<<<<<<<<<<<<<<<<<<<<<<<<<<<<<<<
test 241
test shape: (7, 32, 6, 1) (7, 32, 6, 1)
test shape: (224, 6, 1) (224, 6, 1)
mse:0.10064449906349182, mae:0.24333100020885468
Use CPU
>>>>>>>start training : lstm_custom_ftS_sl48_ll48_pl6_dm128_nh4_el1_dl2_df2048_atprob_fc5_ebtimeF_dtTrue_mxTrue_test_1>>>>>>>>>>>>>>>>>>>>>>>>>>
train 810
val 119
test 241
Epoch: 1 cost time: 1.7363650798797607
Epoch: 1, Steps: 25 | Train Loss: 0.7358462 Vali Loss: 1.1228375 Test Loss: 0.0769275
Validation loss decreased (inf --> 1.122838).  Saving model ...
Updating learning rate to 0.0001
Epoch: 2 cost time: 1.7167620658874512
Epoch: 2, Steps: 25 | Train Loss: 0.3584374 Vali Loss: 0.2691304 Test Loss: 0.1578031
Validation loss decreased (1.122838 --> 0.269130).  Saving model ...
Updating learning rate to 5e-05
Epoch: 3 cost time: 1.7045948505401611
Epoch: 3, Steps: 25 | Train Loss: 0.2195484 Vali Loss: 0.2440832 Test Loss: 0.1189086
Validation loss decreased (0.269130 --> 0.244083).  Saving model ...
Updating learning rate to 2.5e-05
Epoch: 4 cost time: 1.7323310375213623
Epoch: 4, Steps: 25 | Train Loss: 0.1933080 Vali Loss: 0.2450878 Test Loss: 0.1072366
EarlyStopping counter: 1 out of 3
Updating learning rate to 1.25e-05
Epoch: 5 cost time: 1.7238118648529053
Epoch: 5, Steps: 25 | Train Loss: 0.1859318 Vali Loss: 0.2417111 Test Loss: 0.1068400
Validation loss decreased (0.244083 --> 0.241711).  Saving model ...
Updating learning rate to 6.25e-06
Epoch: 6 cost time: 1.7853221893310547
Epoch: 6, Steps: 25 | Train Loss: 0.1772960 Vali Loss: 0.2335976 Test Loss: 0.1032959
Validation loss decreased (0.241711 --> 0.233598).  Saving model ...
Updating learning rate to 3.125e-06
Epoch: 7 cost time: 1.7424192428588867
Epoch: 7, Steps: 25 | Train Loss: 0.1774988 Vali Loss: 0.2415712 Test Loss: 0.1030407
EarlyStopping counter: 1 out of 3
Updating learning rate to 1.5625e-06
Epoch: 8 cost time: 1.7550759315490723
Epoch: 8, Steps: 25 | Train Loss: 0.1769427 Vali Loss: 0.2397640 Test Loss: 0.1030636
EarlyStopping counter: 2 out of 3
Updating learning rate to 7.8125e-07
Epoch: 9 cost time: 1.7231979370117188
Epoch: 9, Steps: 25 | Train Loss: 0.1734298 Vali Loss: 0.2332836 Test Loss: 0.1027909
Validation loss decreased (0.233598 --> 0.233284).  Saving model ...
Updating learning rate to 3.90625e-07
Epoch: 10 cost time: 1.7522940635681152
Epoch: 10, Steps: 25 | Train Loss: 0.1752603 Vali Loss: 0.2310234 Test Loss: 0.1026396
Validation loss decreased (0.233284 --> 0.231023).  Saving model ...
Updating learning rate to 1.953125e-07
Epoch: 11 cost time: 1.7786099910736084
Epoch: 11, Steps: 25 | Train Loss: 0.1753478 Vali Loss: 0.2536469 Test Loss: 0.1026089
EarlyStopping counter: 1 out of 3
Updating learning rate to 9.765625e-08
Epoch: 12 cost time: 1.7453749179840088
Epoch: 12, Steps: 25 | Train Loss: 0.1757073 Vali Loss: 0.2212600 Test Loss: 0.1026048
Validation loss decreased (0.231023 --> 0.221260).  Saving model ...
Updating learning rate to 4.8828125e-08
Epoch: 13 cost time: 1.7671420574188232
Epoch: 13, Steps: 25 | Train Loss: 0.1741938 Vali Loss: 0.2262185 Test Loss: 0.1025864
EarlyStopping counter: 1 out of 3
Updating learning rate to 2.44140625e-08
Epoch: 14 cost time: 1.7133891582489014
Epoch: 14, Steps: 25 | Train Loss: 0.1736852 Vali Loss: 0.2264729 Test Loss: 0.1025835
EarlyStopping counter: 2 out of 3
Updating learning rate to 1.220703125e-08
Epoch: 15 cost time: 1.7170279026031494
Epoch: 15, Steps: 25 | Train Loss: 0.1752694 Vali Loss: 0.2399539 Test Loss: 0.1025801
EarlyStopping counter: 3 out of 3
Early stopping
>>>>>>>testing : lstm_custom_ftS_sl48_ll48_pl6_dm128_nh4_el1_dl2_df2048_atprob_fc5_ebtimeF_dtTrue_mxTrue_test_1<<<<<<<<<<<<<<<<<<<<<<<<<<<<<<<<<
test 241
test shape: (7, 32, 6, 1) (7, 32, 6, 1)
test shape: (224, 6, 1) (224, 6, 1)
mse:0.10260482877492905, mae:0.24716293811798096
