Args in experiment:
Namespace(model='informer', data='custom', root_path='/Users/phamnam/Downloads/Informer2020-main-3/data_cleaned', data_path='Cleaned_Apple.csv', features='MS', target='Apple_Price', freq='b', checkpoints='./checkpoints/', seq_len=48, label_len=48, pred_len=6, enc_in=2, dec_in=2, c_out=1, d_model=128, n_heads=4, e_layers=1, d_layers=2, s_layers=[3, 2, 1], d_ff=2048, factor=5, padding=0, distil=True, dropout=0.05, attn='prob', embed='timeF', activation='gelu', output_attention=False, do_predict=False, mix=True, cols=None, num_workers=0, itr=2, train_epochs=20, batch_size=32, patience=3, learning_rate=0.0001, des='test', loss='mse', lradj='type1', use_amp=False, inverse=False, use_gpu=False, gpu=0, use_multi_gpu=False, devices='0,1,2,3', detail_freq='b')
Use CPU
>>>>>>>start training : informer_custom_ftMS_sl48_ll48_pl6_dm128_nh4_el1_dl2_df2048_atprob_fc5_ebtimeF_dtTrue_mxTrue_test_0>>>>>>>>>>>>>>>>>>>>>>>>>>
train 803
val 118
test 239
Epoch: 1 cost time: 15.602725982666016
Epoch: 1, Steps: 25 | Train Loss: 0.3206103 Vali Loss: 0.1473900 Test Loss: 0.2567453
Validation loss decreased (inf --> 0.147390).  Saving model ...
Updating learning rate to 0.0001
Epoch: 2 cost time: 16.211122274398804
Epoch: 2, Steps: 25 | Train Loss: 0.1557161 Vali Loss: 0.2368439 Test Loss: 0.4041670
EarlyStopping counter: 1 out of 3
Updating learning rate to 5e-05
Epoch: 3 cost time: 17.85160803794861
Epoch: 3, Steps: 25 | Train Loss: 0.1189880 Vali Loss: 0.4212033 Test Loss: 0.5065485
EarlyStopping counter: 2 out of 3
Updating learning rate to 2.5e-05
Epoch: 4 cost time: 33.894089221954346
Epoch: 4, Steps: 25 | Train Loss: 0.1047919 Vali Loss: 0.3880589 Test Loss: 0.4157503
EarlyStopping counter: 3 out of 3
Early stopping
>>>>>>>testing : informer_custom_ftMS_sl48_ll48_pl6_dm128_nh4_el1_dl2_df2048_atprob_fc5_ebtimeF_dtTrue_mxTrue_test_0<<<<<<<<<<<<<<<<<<<<<<<<<<<<<<<<<
test 239
test shape: (7, 32, 6, 1) (7, 32, 6, 1)
test shape: (224, 6, 1) (224, 6, 1)
mse:0.24438975751399994, mae:0.4084376394748688
Use CPU
>>>>>>>start training : informer_custom_ftMS_sl48_ll48_pl6_dm128_nh4_el1_dl2_df2048_atprob_fc5_ebtimeF_dtTrue_mxTrue_test_1>>>>>>>>>>>>>>>>>>>>>>>>>>
train 803
val 118
test 239
Epoch: 1 cost time: 32.83300995826721
Epoch: 1, Steps: 25 | Train Loss: 0.2514633 Vali Loss: 0.2448987 Test Loss: 0.5199456
Validation loss decreased (inf --> 0.244899).  Saving model ...
Updating learning rate to 0.0001
Epoch: 2 cost time: 32.58849906921387
Epoch: 2, Steps: 25 | Train Loss: 0.1469935 Vali Loss: 0.1357650 Test Loss: 0.3575676
Validation loss decreased (0.244899 --> 0.135765).  Saving model ...
Updating learning rate to 5e-05
Epoch: 3 cost time: 29.831589937210083
Epoch: 3, Steps: 25 | Train Loss: 0.1105115 Vali Loss: 0.1481692 Test Loss: 0.3432503
EarlyStopping counter: 1 out of 3
Updating learning rate to 2.5e-05
Epoch: 4 cost time: 35.639941930770874
Epoch: 4, Steps: 25 | Train Loss: 0.0989905 Vali Loss: 0.1899634 Test Loss: 0.3869216
EarlyStopping counter: 2 out of 3
Updating learning rate to 1.25e-05
Epoch: 5 cost time: 35.698176860809326
Epoch: 5, Steps: 25 | Train Loss: 0.0906542 Vali Loss: 0.1766829 Test Loss: 0.3567075
EarlyStopping counter: 3 out of 3
Early stopping
>>>>>>>testing : informer_custom_ftMS_sl48_ll48_pl6_dm128_nh4_el1_dl2_df2048_atprob_fc5_ebtimeF_dtTrue_mxTrue_test_1<<<<<<<<<<<<<<<<<<<<<<<<<<<<<<<<<
test 239
test shape: (7, 32, 6, 1) (7, 32, 6, 1)
test shape: (224, 6, 1) (224, 6, 1)
mse:0.3648295998573303, mae:0.49963128566741943
