Args in experiment:
Namespace(model='informer', data='custom', root_path='/Users/phamnam/Downloads/Informer2020-main-3/data_cleaned', data_path='Cleaned_Apple.csv', features='MS', target='Apple_Price', freq='b', checkpoints='./checkpoints/', seq_len=48, label_len=48, pred_len=12, enc_in=2, dec_in=2, c_out=1, d_model=128, n_heads=4, e_layers=1, d_layers=2, s_layers=[3, 2, 1], d_ff=2048, factor=5, padding=0, distil=True, dropout=0.05, attn='prob', embed='timeF', activation='gelu', output_attention=False, do_predict=False, mix=True, cols=None, num_workers=0, itr=2, train_epochs=20, batch_size=32, patience=3, learning_rate=0.0001, des='test', loss='mse', lradj='type1', use_amp=False, inverse=False, use_gpu=False, gpu=0, use_multi_gpu=False, devices='0,1,2,3', detail_freq='b')
Use CPU
>>>>>>>start training : informer_custom_ftMS_sl48_ll48_pl12_dm128_nh4_el1_dl2_df2048_atprob_fc5_ebtimeF_dtTrue_mxTrue_test_0>>>>>>>>>>>>>>>>>>>>>>>>>>
train 797
val 112
test 233
Epoch: 1 cost time: 32.52241778373718
Epoch: 1, Steps: 24 | Train Loss: 0.3535671 Vali Loss: 0.1418671 Test Loss: 0.3417121
Validation loss decreased (inf --> 0.141867).  Saving model ...
Updating learning rate to 0.0001
Epoch: 2 cost time: 37.92776393890381
Epoch: 2, Steps: 24 | Train Loss: 0.1698338 Vali Loss: 0.2198315 Test Loss: 0.5239123
EarlyStopping counter: 1 out of 3
Updating learning rate to 5e-05
Epoch: 3 cost time: 35.350160121917725
Epoch: 3, Steps: 24 | Train Loss: 0.1323054 Vali Loss: 0.1556338 Test Loss: 0.3265809
EarlyStopping counter: 2 out of 3
Updating learning rate to 2.5e-05
Epoch: 4 cost time: 32.34821105003357
Epoch: 4, Steps: 24 | Train Loss: 0.1180990 Vali Loss: 0.2850752 Test Loss: 0.4414015
EarlyStopping counter: 3 out of 3
Early stopping
>>>>>>>testing : informer_custom_ftMS_sl48_ll48_pl12_dm128_nh4_el1_dl2_df2048_atprob_fc5_ebtimeF_dtTrue_mxTrue_test_0<<<<<<<<<<<<<<<<<<<<<<<<<<<<<<<<<
test 233
test shape: (7, 32, 12, 1) (7, 32, 12, 1)
test shape: (224, 12, 1) (224, 12, 1)
mse:0.34310072660446167, mae:0.49372240900993347
Use CPU
>>>>>>>start training : informer_custom_ftMS_sl48_ll48_pl12_dm128_nh4_el1_dl2_df2048_atprob_fc5_ebtimeF_dtTrue_mxTrue_test_1>>>>>>>>>>>>>>>>>>>>>>>>>>
train 797
val 112
test 233
Epoch: 1 cost time: 36.60472393035889
Epoch: 1, Steps: 24 | Train Loss: 0.3016148 Vali Loss: 0.1530848 Test Loss: 0.3184454
Validation loss decreased (inf --> 0.153085).  Saving model ...
Updating learning rate to 0.0001
Epoch: 2 cost time: 38.441734075546265
Epoch: 2, Steps: 24 | Train Loss: 0.1829792 Vali Loss: 0.2698775 Test Loss: 0.5295234
EarlyStopping counter: 1 out of 3
Updating learning rate to 5e-05
Epoch: 3 cost time: 26.83559012413025
Epoch: 3, Steps: 24 | Train Loss: 0.1419105 Vali Loss: 0.2060663 Test Loss: 0.4318842
EarlyStopping counter: 2 out of 3
Updating learning rate to 2.5e-05
Epoch: 4 cost time: 26.39519715309143
Epoch: 4, Steps: 24 | Train Loss: 0.1292762 Vali Loss: 0.2674312 Test Loss: 0.4986925
EarlyStopping counter: 3 out of 3
Early stopping
>>>>>>>testing : informer_custom_ftMS_sl48_ll48_pl12_dm128_nh4_el1_dl2_df2048_atprob_fc5_ebtimeF_dtTrue_mxTrue_test_1<<<<<<<<<<<<<<<<<<<<<<<<<<<<<<<<<
test 233
test shape: (7, 32, 12, 1) (7, 32, 12, 1)
test shape: (224, 12, 1) (224, 12, 1)
mse:0.3121439218521118, mae:0.4675181806087494
