Args in experiment:
Namespace(model='informer', data='custom', root_path='/Users/phamnam/Downloads/Informer2020-main-3/data_cleaned', data_path='Cleaned_Historical_stock.csv', features='S', target='TSLA_Price', freq='m', checkpoints='./checkpoints/', seq_len=48, label_len=48, pred_len=6, enc_in=1, dec_in=1, c_out=1, d_model=128, n_heads=4, e_layers=1, d_layers=2, s_layers=[3, 2, 1], d_ff=2048, factor=5, padding=0, distil=True, dropout=0.05, attn='prob', embed='timeF', activation='gelu', output_attention=False, do_predict=False, mix=True, cols=None, num_workers=0, itr=2, train_epochs=20, batch_size=32, patience=3, learning_rate=0.0001, des='test', loss='mse', lradj='type1', use_amp=False, inverse=False, use_gpu=False, gpu=0, use_multi_gpu=False, devices='0,1,2,3', detail_freq='m')
Use CPU
>>>>>>>start training : informer_custom_ftS_sl48_ll48_pl6_dm128_nh4_el1_dl2_df2048_atprob_fc5_ebtimeF_dtTrue_mxTrue_test_0>>>>>>>>>>>>>>>>>>>>>>>>>>
train 810
val 119
test 241
Epoch: 1 cost time: 15.462405920028687
Epoch: 1, Steps: 25 | Train Loss: 0.4431972 Vali Loss: 0.3538240 Test Loss: 0.2729787
Validation loss decreased (inf --> 0.353824).  Saving model ...
Updating learning rate to 0.0001
Epoch: 2 cost time: 16.603662252426147
Epoch: 2, Steps: 25 | Train Loss: 0.2886563 Vali Loss: 0.5308293 Test Loss: 0.3038004
EarlyStopping counter: 1 out of 3
Updating learning rate to 5e-05
Epoch: 3 cost time: 16.71998691558838
Epoch: 3, Steps: 25 | Train Loss: 0.2183804 Vali Loss: 0.4246136 Test Loss: 0.2627068
EarlyStopping counter: 2 out of 3
Updating learning rate to 2.5e-05
Epoch: 4 cost time: 15.104247093200684
Epoch: 4, Steps: 25 | Train Loss: 0.1982865 Vali Loss: 0.4486629 Test Loss: 0.2477060
EarlyStopping counter: 3 out of 3
Early stopping
>>>>>>>testing : informer_custom_ftS_sl48_ll48_pl6_dm128_nh4_el1_dl2_df2048_atprob_fc5_ebtimeF_dtTrue_mxTrue_test_0<<<<<<<<<<<<<<<<<<<<<<<<<<<<<<<<<
test 241
test shape: (7, 32, 6, 1) (7, 32, 6, 1)
test shape: (224, 6, 1) (224, 6, 1)
mse:0.2685641944408417, mae:0.39249783754348755
Use CPU
>>>>>>>start training : informer_custom_ftS_sl48_ll48_pl6_dm128_nh4_el1_dl2_df2048_atprob_fc5_ebtimeF_dtTrue_mxTrue_test_1>>>>>>>>>>>>>>>>>>>>>>>>>>
train 810
val 119
test 241
Epoch: 1 cost time: 15.362800121307373
Epoch: 1, Steps: 25 | Train Loss: 0.4505138 Vali Loss: 0.4841080 Test Loss: 0.2305810
Validation loss decreased (inf --> 0.484108).  Saving model ...
Updating learning rate to 0.0001
Epoch: 2 cost time: 16.76100993156433
Epoch: 2, Steps: 25 | Train Loss: 0.2609568 Vali Loss: 0.4521048 Test Loss: 0.1953556
Validation loss decreased (0.484108 --> 0.452105).  Saving model ...
Updating learning rate to 5e-05
Epoch: 3 cost time: 16.15438222885132
Epoch: 3, Steps: 25 | Train Loss: 0.2199134 Vali Loss: 0.4656903 Test Loss: 0.1959337
EarlyStopping counter: 1 out of 3
Updating learning rate to 2.5e-05
Epoch: 4 cost time: 16.435009956359863
Epoch: 4, Steps: 25 | Train Loss: 0.2084798 Vali Loss: 0.4700024 Test Loss: 0.1824338
EarlyStopping counter: 2 out of 3
Updating learning rate to 1.25e-05
Epoch: 5 cost time: 16.677284955978394
Epoch: 5, Steps: 25 | Train Loss: 0.1973904 Vali Loss: 0.5125799 Test Loss: 0.2095442
EarlyStopping counter: 3 out of 3
Early stopping
>>>>>>>testing : informer_custom_ftS_sl48_ll48_pl6_dm128_nh4_el1_dl2_df2048_atprob_fc5_ebtimeF_dtTrue_mxTrue_test_1<<<<<<<<<<<<<<<<<<<<<<<<<<<<<<<<<
test 241
test shape: (7, 32, 6, 1) (7, 32, 6, 1)
test shape: (224, 6, 1) (224, 6, 1)
mse:0.18346793949604034, mae:0.31291061639785767
