Args in experiment:
Namespace(model='informer', data='custom', root_path='/Users/phamnam/Downloads/Informer2020-main-3/data_cleaned', data_path='Cleaned_Historical_stock.csv', features='S', target='TSLA_Price', freq='m', checkpoints='./checkpoints/', seq_len=48, label_len=48, pred_len=12, enc_in=1, dec_in=1, c_out=1, d_model=128, n_heads=4, e_layers=1, d_layers=2, s_layers=[3, 2, 1], d_ff=2048, factor=5, padding=0, distil=True, dropout=0.05, attn='prob', embed='timeF', activation='gelu', output_attention=False, do_predict=False, mix=True, cols=None, num_workers=0, itr=2, train_epochs=20, batch_size=32, patience=3, learning_rate=0.0001, des='test', loss='mse', lradj='type1', use_amp=False, inverse=False, use_gpu=False, gpu=0, use_multi_gpu=False, devices='0,1,2,3', detail_freq='m')
Use CPU
>>>>>>>start training : informer_custom_ftS_sl48_ll48_pl12_dm128_nh4_el1_dl2_df2048_atprob_fc5_ebtimeF_dtTrue_mxTrue_test_0>>>>>>>>>>>>>>>>>>>>>>>>>>
train 804
val 113
test 235
Epoch: 1 cost time: 17.277289152145386
Epoch: 1, Steps: 25 | Train Loss: 0.5617908 Vali Loss: 0.3892829 Test Loss: 0.2615097
Validation loss decreased (inf --> 0.389283).  Saving model ...
Updating learning rate to 0.0001
Epoch: 2 cost time: 16.57284688949585
Epoch: 2, Steps: 25 | Train Loss: 0.3904363 Vali Loss: 0.5576165 Test Loss: 0.2066774
EarlyStopping counter: 1 out of 3
Updating learning rate to 5e-05
Epoch: 3 cost time: 16.84120011329651
Epoch: 3, Steps: 25 | Train Loss: 0.3111776 Vali Loss: 0.5553946 Test Loss: 0.3606206
EarlyStopping counter: 2 out of 3
Updating learning rate to 2.5e-05
Epoch: 4 cost time: 16.572232007980347
Epoch: 4, Steps: 25 | Train Loss: 0.2759443 Vali Loss: 0.5306286 Test Loss: 0.3418927
EarlyStopping counter: 3 out of 3
Early stopping
>>>>>>>testing : informer_custom_ftS_sl48_ll48_pl12_dm128_nh4_el1_dl2_df2048_atprob_fc5_ebtimeF_dtTrue_mxTrue_test_0<<<<<<<<<<<<<<<<<<<<<<<<<<<<<<<<<
test 235
test shape: (7, 32, 12, 1) (7, 32, 12, 1)
test shape: (224, 12, 1) (224, 12, 1)
mse:0.26501214504241943, mae:0.411068856716156
Use CPU
>>>>>>>start training : informer_custom_ftS_sl48_ll48_pl12_dm128_nh4_el1_dl2_df2048_atprob_fc5_ebtimeF_dtTrue_mxTrue_test_1>>>>>>>>>>>>>>>>>>>>>>>>>>
train 804
val 113
test 235
Epoch: 1 cost time: 16.557667016983032
Epoch: 1, Steps: 25 | Train Loss: 0.6356484 Vali Loss: 0.3857260 Test Loss: 0.3316319
Validation loss decreased (inf --> 0.385726).  Saving model ...
Updating learning rate to 0.0001
Epoch: 2 cost time: 16.587107181549072
Epoch: 2, Steps: 25 | Train Loss: 0.4311821 Vali Loss: 0.4929790 Test Loss: 0.1827851
EarlyStopping counter: 1 out of 3
Updating learning rate to 5e-05
Epoch: 3 cost time: 16.48074984550476
Epoch: 3, Steps: 25 | Train Loss: 0.3411940 Vali Loss: 0.3734895 Test Loss: 0.2017350
Validation loss decreased (0.385726 --> 0.373490).  Saving model ...
Updating learning rate to 2.5e-05
Epoch: 4 cost time: 16.60856604576111
Epoch: 4, Steps: 25 | Train Loss: 0.2899202 Vali Loss: 0.3592235 Test Loss: 0.2268226
Validation loss decreased (0.373490 --> 0.359224).  Saving model ...
Updating learning rate to 1.25e-05
Epoch: 5 cost time: 17.38038206100464
Epoch: 5, Steps: 25 | Train Loss: 0.2775208 Vali Loss: 0.3977498 Test Loss: 0.2311774
EarlyStopping counter: 1 out of 3
Updating learning rate to 6.25e-06
Epoch: 6 cost time: 17.020904302597046
Epoch: 6, Steps: 25 | Train Loss: 0.2621126 Vali Loss: 0.3780427 Test Loss: 0.2301967
EarlyStopping counter: 2 out of 3
Updating learning rate to 3.125e-06
Epoch: 7 cost time: 17.70022988319397
Epoch: 7, Steps: 25 | Train Loss: 0.2643825 Vali Loss: 0.4018812 Test Loss: 0.2258100
EarlyStopping counter: 3 out of 3
Early stopping
>>>>>>>testing : informer_custom_ftS_sl48_ll48_pl12_dm128_nh4_el1_dl2_df2048_atprob_fc5_ebtimeF_dtTrue_mxTrue_test_1<<<<<<<<<<<<<<<<<<<<<<<<<<<<<<<<<
test 235
test shape: (7, 32, 12, 1) (7, 32, 12, 1)
test shape: (224, 12, 1) (224, 12, 1)
mse:0.22625789046287537, mae:0.35126107931137085
