Args in experiment:
Namespace(model='informer', data='custom', root_path='/Users/phamnam/Downloads/Informer2020-main-3/data_cleaned', data_path='Cleaned_Historical_stock.csv', features='S', target='TSLA_Price', freq='m', checkpoints='./checkpoints/', seq_len=48, label_len=48, pred_len=24, enc_in=1, dec_in=1, c_out=1, d_model=128, n_heads=4, e_layers=1, d_layers=2, s_layers=[3, 2, 1], d_ff=2048, factor=5, padding=0, distil=True, dropout=0.05, attn='prob', embed='timeF', activation='gelu', output_attention=False, do_predict=False, mix=True, cols=None, num_workers=0, itr=2, train_epochs=20, batch_size=32, patience=3, learning_rate=0.0001, des='test', loss='mse', lradj='type1', use_amp=False, inverse=False, use_gpu=False, gpu=0, use_multi_gpu=False, devices='0,1,2,3', detail_freq='m')
Use CPU
>>>>>>>start training : informer_custom_ftS_sl48_ll48_pl24_dm128_nh4_el1_dl2_df2048_atprob_fc5_ebtimeF_dtTrue_mxTrue_test_0>>>>>>>>>>>>>>>>>>>>>>>>>>
train 792
val 101
test 223
Epoch: 1 cost time: 18.15342092514038
Epoch: 1, Steps: 24 | Train Loss: 0.6193632 Vali Loss: 0.3581530 Test Loss: 0.3411342
Validation loss decreased (inf --> 0.358153).  Saving model ...
Updating learning rate to 0.0001
Epoch: 2 cost time: 18.07308793067932
Epoch: 2, Steps: 24 | Train Loss: 0.4512038 Vali Loss: 0.4147356 Test Loss: 0.1530410
EarlyStopping counter: 1 out of 3
Updating learning rate to 5e-05
Epoch: 3 cost time: 18.574717044830322
Epoch: 3, Steps: 24 | Train Loss: 0.3594728 Vali Loss: 0.6151755 Test Loss: 0.1471084
EarlyStopping counter: 2 out of 3
Updating learning rate to 2.5e-05
Epoch: 4 cost time: 18.246591091156006
Epoch: 4, Steps: 24 | Train Loss: 0.3153753 Vali Loss: 0.6878696 Test Loss: 0.1371366
EarlyStopping counter: 3 out of 3
Early stopping
>>>>>>>testing : informer_custom_ftS_sl48_ll48_pl24_dm128_nh4_el1_dl2_df2048_atprob_fc5_ebtimeF_dtTrue_mxTrue_test_0<<<<<<<<<<<<<<<<<<<<<<<<<<<<<<<<<
test 223
test shape: (6, 32, 24, 1) (6, 32, 24, 1)
test shape: (192, 24, 1) (192, 24, 1)
mse:0.3411700427532196, mae:0.4835742712020874
Use CPU
>>>>>>>start training : informer_custom_ftS_sl48_ll48_pl24_dm128_nh4_el1_dl2_df2048_atprob_fc5_ebtimeF_dtTrue_mxTrue_test_1>>>>>>>>>>>>>>>>>>>>>>>>>>
train 792
val 101
test 223
Epoch: 1 cost time: 18.48015284538269
Epoch: 1, Steps: 24 | Train Loss: 0.6490323 Vali Loss: 0.4659324 Test Loss: 0.2540017
Validation loss decreased (inf --> 0.465932).  Saving model ...
Updating learning rate to 0.0001
Epoch: 2 cost time: 18.42308783531189
Epoch: 2, Steps: 24 | Train Loss: 0.4656478 Vali Loss: 0.5528155 Test Loss: 0.1111342
EarlyStopping counter: 1 out of 3
Updating learning rate to 5e-05
Epoch: 3 cost time: 18.310879945755005
Epoch: 3, Steps: 24 | Train Loss: 0.3875290 Vali Loss: 0.5952006 Test Loss: 0.1312005
EarlyStopping counter: 2 out of 3
Updating learning rate to 2.5e-05
Epoch: 4 cost time: 18.86693024635315
Epoch: 4, Steps: 24 | Train Loss: 0.3469136 Vali Loss: 0.6742373 Test Loss: 0.1316069
EarlyStopping counter: 3 out of 3
Early stopping
>>>>>>>testing : informer_custom_ftS_sl48_ll48_pl24_dm128_nh4_el1_dl2_df2048_atprob_fc5_ebtimeF_dtTrue_mxTrue_test_1<<<<<<<<<<<<<<<<<<<<<<<<<<<<<<<<<
test 223
test shape: (6, 32, 24, 1) (6, 32, 24, 1)
test shape: (192, 24, 1) (192, 24, 1)
mse:0.2602100670337677, mae:0.43105876445770264
